# Interaction Log

## Date
2024-01-09

## Completed Tasks
1. Created interaction log file to record project progress and interactions
2. Implemented JSON parsing functionality in vibe.cpp:
   - Fixed syntax errors
   - Added file reading and parsing
   - Implemented image and register information parsing
   - Added error handling mechanisms
3. Fixed design issues in RegisterInfo struct:
   - Modified reg_filter_coeff to RegInfo type
   - Used variant to support different types of reg_initial_value
   - Corrected related data access code
4. Optimized JSON parsing code:
   - Moved NLOHMANN_DEFINE_TYPE_INTRUSIVE macro inside struct
   - Added member function form serialization functions for RegInfo struct
   - Simplified JSON parsing logic in main function
5. Further optimized RegInfo struct and data access:
   - Removed unused member function form serialization functions
   - Added get_values() helper function to uniformly handle initial_value
   - Simplified value acquisition logic in main function
6. Created project file generation script:
   - Created generate_vibe_files.sh script
   - Implemented functionality to automatically generate vibe.json and vibe.cpp files
   - Maintained file content consistency with current version
7. Final optimization:
   - Removed global to_json and from_json functions
   - Used NLOHMANN_DEFINE_TYPE_INTRUSIVE macro in RegInfo struct
   - Updated generation script to reflect latest code changes
8. Created Random Image Generator:
   - Created generate_random_image.py script using Python
   - Supported multiple bit depths (8, 12, 16 bits)
   - Provided command line parameter interface
   - Created test script test_random_image.py for demonstrating functionality
9. Integrated random image generation functionality into main program:
   - Added code to call random image generator in main function of vibe.cpp
   - Used image_path from JSON as output file name
   - Generated images based on width and height parameters in register_info
   - Updated generate_vibe_files.sh script to keep in sync
10. Optimized RegInfo struct to improve user experience:
    - Added is_single_value() method to automatically determine register value type
    - Overloaded [] operator to support seamless access to single values or array elements
    - Added size() method to get the number of values
    - Simplified code in main function, eliminating the need for users to manually distinguish types
    - Updated generate_vibe_files.sh script to keep in sync
11. Further optimized RegInfo struct, simplifying interface:
    - Removed redundant methods get_single_value(), get_array_values(), and get_values()
    - Retained only [] operator overloading and print_values() unified printing function
    - Simplified register value access logic in main function
    - Updated generate_vibe_files.sh script to keep in sync
12. Added build system support for vibe.cpp project:
    - Created CMakeLists.txt, supporting C++17 standard, including header directory configuration
    - Created Makefile, compatible with Windows and Unix-like systems, providing clean/run/debug/release/install/help targets
    - Both build systems include json.hpp existence check
13. Fixed json.hpp inclusion issue: Added json.hpp existence check in CMakeLists.txt and Makefile, ensuring correct inclusion of header file during build and providing error提示 information.
14. Optimized file update mechanism: Created update_files.sh intelligent update script, using sed commands for precise replacement to avoid complete file rewriting:
    - Supported selective updating of specific files (cmake/makefile/reginfo/main)
    - Used sed commands for precise content replacement, avoiding repeated processing of entire files
    - Provided detailed log output and error handling
    - Modular design to reduce data processing volume

## 今日开发进度 (2024-07-26)

### 1. crop.py 功能改进
**文件位置**: `/home/sheldon/hls_project/vibe_0726/py/crop.py`

#### 修改内容:
- 移除图像尺寸自动检测逻辑，改为使用传入的宽高参数
- 简化坐标处理，直接使用寄存器配置
- 添加image_width和image_height参数
- 增强坐标验证功能：
  - 添加坐标范围检查（0 <= 坐标 < 图像宽高）
  - 添加起始坐标不大于结束坐标的验证
  - 提供详细的错误提示信息

#### 参数变更:
```
旧参数: python crop.py <input_file> <output_file> <start_x> <start_y> <end_x> <end_y> <crop_enable> <bit_depth> [bayer_pattern]
新参数: python crop.py <input_file> <output_file> <start_x> <start_y> <end_x> <end_y> <crop_enable> <image_width> <image_height> <bit_depth> [bayer_pattern]
```

### 2. vibe.cpp 适配修改
**文件位置**: `/home/sheldon/hls_project/vibe_0726/src/vibe.cpp`

#### 修改内容:
- 在crop_command字符串中添加image_width和image_height参数
- 确保crop.py调用时包含图像宽高信息

### 3. 测试环境建立
**测试文件夹**: `/home/sheldon/hls_project/vibe_0726/test/`

#### 创建文件:
- `crop.cmd` - 系统性测试脚本
- `README.md` - 测试使用说明文档

#### 测试内容:
- 单点坐标测试：6个测试用例
- 矩形区域测试：5个测试用例
- 边界条件测试：3个测试用例

#### 测试结果:
- 所有14个测试用例全部通过
- 验证坐标验证功能正常工作
- 确认边界条件处理正确

### 4. 验证结果
- 正常裁剪功能：✅ 通过
- 坐标验证功能：✅ 通过
- 边界条件处理：✅ 通过
- 错误提示信息：✅ 通过

## 后续使用
测试脚本已保存，可通过以下命令运行：
```bash
cd /home/sheldon/hls_project/vibe_0726/test
python crop.cmd
```

## 状态总结
所有修改已完成并通过测试，crop.py功能更加健壮安全，具备完善的坐标验证和错误处理机制。

## Interaction Records (更新)
17. User requested saving today's development progress to log/interact.log
18. User requested creating systematic test suite for crop.py functionality
19. User requested updating coordinate validation logic in crop.py
20. User requested fixing parameter passing in vibe.cpp for crop.py
21. User requested creating test folder with crop.cmd and README.md
22. User requested running comprehensive tests and documenting results

## Pending Tasks
1. 继续完善其他功能模块测试
2. 优化性能测试用例
