Starting C simulation ...
F:/SW/Xilinx/Vivado/2019.2/bin/vivado_hls.bat F:/trunk_prj/hls_project/vibe_isp_crop_0811/hls/solution1/csim.tcl
INFO: Applying HLS Y2K22 patch v1.2 for IP revision
INFO: [HLS 200-10] Running 'F:/SW/Xilinx/Vivado/2019.2/bin/unwrapped/win64.o/vivado_hls.exe'
INFO: [HLS 200-10] For user 'Cheng' on host 'sheldon-hp-omen' (Windows NT_amd64 version 6.2) on Mon Aug 11 23:20:52 +0800 2025
INFO: [HLS 200-10] In directory 'F:/trunk_prj/hls_project/vibe_isp_crop_0811'
Sourcing Tcl script 'F:/trunk_prj/hls_project/vibe_isp_crop_0811/hls/solution1/csim.tcl'
INFO: [HLS 200-10] Opening project 'F:/trunk_prj/hls_project/vibe_isp_crop_0811/hls'.
INFO: [HLS 200-10] Opening solution 'F:/trunk_prj/hls_project/vibe_isp_crop_0811/hls/solution1'.
INFO: [SYN 201-201] Setting up clock 'default' with a period of 10ns.
INFO: [HLS 200-10] Setting target device to 'xc7z020-clg400-1'
INFO: [SIM 211-2] *************** CSIM start ***************
INFO: [SIM 211-4] CSIM will launch GCC as the compiler.
   Compiling ../../../../src/alg_crop.cpp in debug mode
   Compiling ../../../../src/main.cpp in debug mode
   Compiling ../../../../src/hls_crop.cpp in debug mode
   Generating csim.exe
In file included from F:/SW/Xilinx/Vivado/2019.2/include/floating_point_v7_0_bitacc_cmodel.h:143:0,
                 from F:/SW/Xilinx/Vivado/2019.2/include/hls_fpo.h:186,
                 from F:/SW/Xilinx/Vivado/2019.2/include/hls_half.h:44,
                 from F:/SW/Xilinx/Vivado/2019.2/include/etc/ap_private.h:90,
                 from F:/SW/Xilinx/Vivado/2019.2/include/ap_common.h:641,
                 from F:/SW/Xilinx/Vivado/2019.2/include/ap_int.h:54,
                 from ../../../../src/hls_crop.h:4,
                 from ../../../../src/main.cpp:3:
F:/SW/Xilinx/Vivado/2019.2/include/gmp.h:62:0: warning: "__GMP_LIBGMP_DLL" redefined
 #define __GMP_LIBGMP_DLL  0
 
In file included from F:/SW/Xilinx/Vivado/2019.2/include/hls_fpo.h:186:0,
                 from F:/SW/Xilinx/Vivado/2019.2/include/hls_half.h:44,
                 from F:/SW/Xilinx/Vivado/2019.2/include/etc/ap_private.h:90,
                 from F:/SW/Xilinx/Vivado/2019.2/include/ap_common.h:641,
                 from F:/SW/Xilinx/Vivado/2019.2/include/ap_int.h:54,
                 from ../../../../src/hls_crop.h:4,
                 from ../../../../src/main.cpp:3:
F:/SW/Xilinx/Vivado/2019.2/include/floating_point_v7_0_bitacc_cmodel.h:135:0: note: this is the location of the previous definition
 #define __GMP_LIBGMP_DLL 1
 
In file included from F:/SW/Xilinx/Vivado/2019.2/include/floating_point_v7_0_bitacc_cmodel.h:143:0,
                 from F:/SW/Xilinx/Vivado/2019.2/include/hls_fpo.h:186,
                 from F:/SW/Xilinx/Vivado/2019.2/include/hls_half.h:44,
                 from F:/SW/Xilinx/Vivado/2019.2/include/etc/ap_private.h:90,
                 from F:/SW/Xilinx/Vivado/2019.2/include/ap_common.h:641,
                 from F:/SW/Xilinx/Vivado/2019.2/include/ap_int.h:54,
                 from ../../../../src/hls_crop.h:4,
                 from ../../../../src/hls_crop.cpp:1:
F:/SW/Xilinx/Vivado/2019.2/include/gmp.h:62:0: warning: "__GMP_LIBGMP_DLL" redefined
 #define __GMP_LIBGMP_DLL  0
 
In file included from F:/SW/Xilinx/Vivado/2019.2/include/hls_fpo.h:186:0,
                 from F:/SW/Xilinx/Vivado/2019.2/include/hls_half.h:44,
                 from F:/SW/Xilinx/Vivado/2019.2/include/etc/ap_private.h:90,
                 from F:/SW/Xilinx/Vivado/2019.2/include/ap_common.h:641,
                 from F:/SW/Xilinx/Vivado/2019.2/include/ap_int.h:54,
                 from ../../../../src/hls_crop.h:4,
                 from ../../../../src/hls_crop.cpp:1:
F:/SW/Xilinx/Vivado/2019.2/include/floating_point_v7_0_bitacc_cmodel.h:135:0: note: this is the location of the previous definition
 #define __GMP_LIBGMP_DLL 1
 
JSON parsing error: [json.exception.parse_error.101] parse error at line 1, column 1: attempting to parse an empty input; check that your input string or stream contains the expected JSON
@E Simulation failed: Function 'main' returns nonzero value '1'.
ERROR: [SIM 211-100] 'csim_design' failed: nonzero return value.
INFO: [SIM 211-3] *************** CSIM finish ***************
4
    while executing
"source F:/trunk_prj/hls_project/vibe_isp_crop_0811/hls/solution1/csim.tcl"
    invoked from within
"hls::main F:/trunk_prj/hls_project/vibe_isp_crop_0811/hls/solution1/csim.tcl"
    ("uplevel" body line 1)
    invoked from within
"uplevel 1 hls::main {*}$args"
    (procedure "hls_proc" line 5)
    invoked from within
"hls_proc $argv"
Finished C simulation.

